<?xml version="1.0" encoding="UTF-8"?>
<!-- Generated by org.testng.reporters.JUnitXMLReporter -->
<testsuite ignored="0" hostname="Fi-Sathish-D" failures="3" tests="68" name="Get_API" time="17.405" errors="0" timestamp="26 Jun 2023 04:57:42 GMT">
  <testcase classname="core.api.GetAPI" name="Announcements" time="0.229"/>
  <testcase classname="core.api.GetAPI" name="Dashboard_portfolio_Allocation_Asset_All" time="0.218"/>
  <testcase classname="core.api.GetAPI" name="Dashboard_portfolio_Allocation_category" time="0.243"/>
  <testcase classname="core.api.GetAPI" name="Dashboard_portfolio_Allocation_credit" time="0.237"/>
  <testcase classname="core.api.GetAPI" name="Dashboard_portfolio_Allocation_fi_style" time="0.223"/>
  <testcase classname="core.api.GetAPI" name="FD_Company" time="0.423">
    <failure type="java.lang.AssertionError" message="1 expectation failed.
Expected content-type &amp;quot;JSON&amp;quot; doesn&amp;apos;t match actual content-type &amp;quot;application/xml;charset=UTF-8&amp;quot;.
">
      <![CDATA[java.lang.AssertionError: 1 expectation failed.
Expected content-type "JSON" doesn't match actual content-type "application/xml;charset=UTF-8".

at java.base/jdk.internal.reflect.DirectConstructorHandleAccessor.newInstance(DirectConstructorHandleAccessor.java:67)
at java.base/java.lang.reflect.Constructor.newInstanceWithCaller(Constructor.java:500)
at java.base/java.lang.reflect.Constructor.newInstance(Constructor.java:484)
at org.codehaus.groovy.reflection.CachedConstructor.invoke(CachedConstructor.java:72)
at org.codehaus.groovy.runtime.callsite.ConstructorSite$ConstructorSiteNoUnwrapNoCoerce.callConstructor(ConstructorSite.java:105)
at org.codehaus.groovy.runtime.callsite.CallSiteArray.defaultCallConstructor(CallSiteArray.java:59)
at org.codehaus.groovy.runtime.callsite.AbstractCallSite.callConstructor(AbstractCallSite.java:263)
at org.codehaus.groovy.runtime.callsite.AbstractCallSite.callConstructor(AbstractCallSite.java:277)
at io.restassured.internal.ResponseSpecificationImpl$HamcrestAssertionClosure.validate(ResponseSpecificationImpl.groovy:499)
at io.restassured.internal.ResponseSpecificationImpl$HamcrestAssertionClosure$validate$1.call(Unknown Source)
at io.restassured.internal.ResponseSpecificationImpl.validate(ResponseSpecificationImpl.groovy:93)
at io.restassured.internal.ValidatableResponseOptionsImpl.spec(ValidatableResponseOptionsImpl.java:288)
at io.restassured.internal.ValidatableResponseImpl.super$2$spec(ValidatableResponseImpl.groovy)
at java.base/jdk.internal.reflect.DirectMethodHandleAccessor.invoke(DirectMethodHandleAccessor.java:104)
at java.base/java.lang.reflect.Method.invoke(Method.java:578)
at org.codehaus.groovy.reflection.CachedMethod.invoke(CachedMethod.java:107)
at groovy.lang.MetaMethod.doMethodInvoke(MetaMethod.java:323)
at groovy.lang.MetaClassImpl.invokeMethod(MetaClassImpl.java:1268)
at org.codehaus.groovy.runtime.ScriptBytecodeAdapter.invokeMethodOnSuperN(ScriptBytecodeAdapter.java:144)
at io.restassured.internal.ValidatableResponseImpl.spec(ValidatableResponseImpl.groovy:76)
at io.restassured.internal.ValidatableResponseImpl.spec(ValidatableResponseImpl.groovy)
at core.api.GetAPI.FD_Company(GetAPIPrimaryHolding.java:351)
at java.base/jdk.internal.reflect.DirectMethodHandleAccessor.invoke(DirectMethodHandleAccessor.java:104)
at java.base/java.lang.reflect.Method.invoke(Method.java:578)
at org.testng.internal.MethodInvocationHelper.invokeMethod(MethodInvocationHelper.java:124)
at org.testng.internal.Invoker.invokeMethod(Invoker.java:583)
at org.testng.internal.Invoker.invokeTestMethod(Invoker.java:719)
at org.testng.internal.Invoker.invokeTestMethods(Invoker.java:989)
at org.testng.internal.TestMethodWorker.invokeTestMethods(TestMethodWorker.java:125)
at org.testng.internal.TestMethodWorker.run(TestMethodWorker.java:109)
at org.testng.TestRunner.privateRun(TestRunner.java:648)
at org.testng.TestRunner.run(TestRunner.java:505)
at org.testng.SuiteRunner.runTest(SuiteRunner.java:455)
at org.testng.SuiteRunner.runSequentially(SuiteRunner.java:450)
at org.testng.SuiteRunner.privateRun(SuiteRunner.java:415)
at org.testng.SuiteRunner.run(SuiteRunner.java:364)
at org.testng.SuiteRunnerWorker.runSuite(SuiteRunnerWorker.java:52)
at org.testng.SuiteRunnerWorker.run(SuiteRunnerWorker.java:84)
at org.testng.TestNG.runSuitesSequentially(TestNG.java:1208)
at org.testng.TestNG.runSuitesLocally(TestNG.java:1137)
at org.testng.TestNG.runSuites(TestNG.java:1049)
at org.testng.TestNG.run(TestNG.java:1017)
at core.App.main(App.java:22)
]]>
    </failure>
  </testcase> <!-- FD_Company -->
  <testcase classname="core.api.GetAPI" name="FD_Transaction" time="0.333">
    <failure type="java.lang.AssertionError" message="1 expectation failed.
Expected content-type &amp;quot;JSON&amp;quot; doesn&amp;apos;t match actual content-type &amp;quot;application/xml;charset=UTF-8&amp;quot;.
">
      <![CDATA[java.lang.AssertionError: 1 expectation failed.
Expected content-type "JSON" doesn't match actual content-type "application/xml;charset=UTF-8".

at java.base/jdk.internal.reflect.DirectConstructorHandleAccessor.newInstance(DirectConstructorHandleAccessor.java:67)
at java.base/java.lang.reflect.Constructor.newInstanceWithCaller(Constructor.java:500)
at java.base/java.lang.reflect.Constructor.newInstance(Constructor.java:484)
at org.codehaus.groovy.reflection.CachedConstructor.invoke(CachedConstructor.java:72)
at org.codehaus.groovy.runtime.callsite.ConstructorSite$ConstructorSiteNoUnwrapNoCoerce.callConstructor(ConstructorSite.java:105)
at org.codehaus.groovy.runtime.callsite.AbstractCallSite.callConstructor(AbstractCallSite.java:277)
at io.restassured.internal.ResponseSpecificationImpl$HamcrestAssertionClosure.validate(ResponseSpecificationImpl.groovy:499)
at io.restassured.internal.ResponseSpecificationImpl$HamcrestAssertionClosure$validate$1.call(Unknown Source)
at io.restassured.internal.ResponseSpecificationImpl.validate(ResponseSpecificationImpl.groovy:93)
at io.restassured.internal.ValidatableResponseOptionsImpl.spec(ValidatableResponseOptionsImpl.java:288)
at io.restassured.internal.ValidatableResponseImpl.super$2$spec(ValidatableResponseImpl.groovy)
at java.base/jdk.internal.reflect.DirectMethodHandleAccessor.invoke(DirectMethodHandleAccessor.java:104)
at java.base/java.lang.reflect.Method.invoke(Method.java:578)
at org.codehaus.groovy.reflection.CachedMethod.invoke(CachedMethod.java:107)
at groovy.lang.MetaMethod.doMethodInvoke(MetaMethod.java:323)
at groovy.lang.MetaClassImpl.invokeMethod(MetaClassImpl.java:1268)
at org.codehaus.groovy.runtime.ScriptBytecodeAdapter.invokeMethodOnSuperN(ScriptBytecodeAdapter.java:144)
at io.restassured.internal.ValidatableResponseImpl.spec(ValidatableResponseImpl.groovy:76)
at io.restassured.internal.ValidatableResponseImpl.spec(ValidatableResponseImpl.groovy)
at core.api.GetAPI.FD_Transaction(GetAPIPrimaryHolding.java:366)
at java.base/jdk.internal.reflect.DirectMethodHandleAccessor.invoke(DirectMethodHandleAccessor.java:104)
at java.base/java.lang.reflect.Method.invoke(Method.java:578)
at org.testng.internal.MethodInvocationHelper.invokeMethod(MethodInvocationHelper.java:124)
at org.testng.internal.Invoker.invokeMethod(Invoker.java:583)
at org.testng.internal.Invoker.invokeTestMethod(Invoker.java:719)
at org.testng.internal.Invoker.invokeTestMethods(Invoker.java:989)
at org.testng.internal.TestMethodWorker.invokeTestMethods(TestMethodWorker.java:125)
at org.testng.internal.TestMethodWorker.run(TestMethodWorker.java:109)
at org.testng.TestRunner.privateRun(TestRunner.java:648)
at org.testng.TestRunner.run(TestRunner.java:505)
at org.testng.SuiteRunner.runTest(SuiteRunner.java:455)
at org.testng.SuiteRunner.runSequentially(SuiteRunner.java:450)
at org.testng.SuiteRunner.privateRun(SuiteRunner.java:415)
at org.testng.SuiteRunner.run(SuiteRunner.java:364)
at org.testng.SuiteRunnerWorker.runSuite(SuiteRunnerWorker.java:52)
at org.testng.SuiteRunnerWorker.run(SuiteRunnerWorker.java:84)
at org.testng.TestNG.runSuitesSequentially(TestNG.java:1208)
at org.testng.TestNG.runSuitesLocally(TestNG.java:1137)
at org.testng.TestNG.runSuites(TestNG.java:1049)
at org.testng.TestNG.run(TestNG.java:1017)
at core.App.main(App.java:22)
]]>
    </failure>
  </testcase> <!-- FD_Transaction -->
  <testcase classname="core.api.GetAPI" name="Feature" time="0.232"/>
  <testcase classname="core.api.GetAPI" name="Holding_Profile" time="0.378"/>
  <testcase classname="core.api.GetAPI" name="Investor_Goal" time="0.227"/>
  <testcase classname="core.api.GetAPI" name="Investor_Goals" time="0.189"/>
  <testcase classname="core.api.GetAPI" name="MF_Scheme" time="0.186"/>
  <testcase classname="core.api.GetAPI" name="NFO_Search" time="0.275"/>
  <testcase classname="core.api.GetAPI" name="ProductSearch_MF_Form" time="0.273"/>
  <testcase classname="core.api.GetAPI" name="Select_Funds" time="0.259"/>
  <testcase classname="core.api.GetAPI" name="Super_Savings" time="0.226"/>
  <testcase classname="core.api.GetAPI" name="User_Profile" time="0.889"/>
  <testcase classname="core.api.GetAPI" name="lookup" time="0.177"/>
  <testcase classname="core.api.GetAPI" name="product_search_mf_form" time="0.193"/>
  <testcase classname="org.example.apicollection.GetAPIAllsupport" name="Announcements" time="0.191"/>
  <testcase classname="org.example.apicollection.GetAPIAllsupport" name="Dashboard_portfolio_Allocation_Asset_All" time="0.179"/>
  <testcase classname="org.example.apicollection.GetAPIAllsupport" name="Dashboard_portfolio_Allocation_category" time="0.139"/>
  <testcase classname="org.example.apicollection.GetAPIAllsupport" name="Dashboard_portfolio_Allocation_credit" time="0.192"/>
  <testcase classname="org.example.apicollection.GetAPIAllsupport" name="Dashboard_portfolio_Allocation_fi_style" time="0.174"/>
  <testcase classname="org.example.apicollection.GetAPIAllsupport" name="Feature" time="0.222"/>
  <testcase classname="org.example.apicollection.GetAPIAllsupport" name="Holding_Profile" time="0.541"/>
  <testcase classname="org.example.apicollection.GetAPIAllsupport" name="Investor_Goal_Holding" time="0.163"/>
  <testcase classname="org.example.apicollection.GetAPIAllsupport" name="Investor_Goals" time="0.188"/>
  <testcase classname="org.example.apicollection.GetAPIAllsupport" name="MF_Scheme" time="0.197"/>
  <testcase classname="org.example.apicollection.GetAPIAllsupport" name="NFO_Search" time="0.346"/>
  <testcase classname="org.example.apicollection.GetAPIAllsupport" name="ProductSearch_MF_Form" time="0.19"/>
  <testcase classname="org.example.apicollection.GetAPIAllsupport" name="Select_Funds" time="0.215"/>
  <testcase classname="org.example.apicollection.GetAPIAllsupport" name="Super_Savings" time="0.221"/>
  <testcase classname="org.example.apicollection.GetAPIAllsupport" name="User_Profile" time="0.307"/>
  <testcase classname="org.example.apicollection.GetAPIAllsupport" name="lookup" time="0.19"/>
  <testcase classname="org.example.apicollection.GetAPIAllsupport" name="product_search_mf_form" time="0.208"/>
  <testcase classname="core.api.GetAPI" name="Systematic_plan" time="0.173"/>
  <testcase classname="core.api.GetAPI" name="Recent_Transactions" time="0.184"/>
  <testcase classname="core.api.GetAPI" name="Triggers" time="0.23"/>
  <testcase classname="core.api.GetAPI" name="View_Investor" time="0.172">
    <failure type="java.lang.AssertionError" message="1 expectation failed.
Expected status code &amp;lt;200&amp;gt; but was &amp;lt;400&amp;gt;.
">
      <![CDATA[java.lang.AssertionError: 1 expectation failed.
Expected status code <200> but was <400>.

at java.base/jdk.internal.reflect.DirectConstructorHandleAccessor.newInstance(DirectConstructorHandleAccessor.java:67)
at java.base/java.lang.reflect.Constructor.newInstanceWithCaller(Constructor.java:500)
at java.base/java.lang.reflect.Constructor.newInstance(Constructor.java:484)
at org.codehaus.groovy.reflection.CachedConstructor.invoke(CachedConstructor.java:72)
at org.codehaus.groovy.runtime.callsite.ConstructorSite$ConstructorSiteNoUnwrapNoCoerce.callConstructor(ConstructorSite.java:105)
at org.codehaus.groovy.runtime.callsite.AbstractCallSite.callConstructor(AbstractCallSite.java:277)
at io.restassured.internal.ResponseSpecificationImpl$HamcrestAssertionClosure.validate(ResponseSpecificationImpl.groovy:499)
at io.restassured.internal.ResponseSpecificationImpl$HamcrestAssertionClosure$validate$1.call(Unknown Source)
at io.restassured.internal.ResponseSpecificationImpl.validate(ResponseSpecificationImpl.groovy:93)
at io.restassured.internal.ValidatableResponseOptionsImpl.spec(ValidatableResponseOptionsImpl.java:288)
at io.restassured.internal.ValidatableResponseImpl.super$2$spec(ValidatableResponseImpl.groovy)
at java.base/jdk.internal.reflect.DirectMethodHandleAccessor.invoke(DirectMethodHandleAccessor.java:104)
at java.base/java.lang.reflect.Method.invoke(Method.java:578)
at org.codehaus.groovy.reflection.CachedMethod.invoke(CachedMethod.java:107)
at groovy.lang.MetaMethod.doMethodInvoke(MetaMethod.java:323)
at groovy.lang.MetaClassImpl.invokeMethod(MetaClassImpl.java:1268)
at org.codehaus.groovy.runtime.ScriptBytecodeAdapter.invokeMethodOnSuperN(ScriptBytecodeAdapter.java:144)
at io.restassured.internal.ValidatableResponseImpl.spec(ValidatableResponseImpl.groovy:76)
at io.restassured.internal.ValidatableResponseImpl.spec(ValidatableResponseImpl.groovy)
at core.api.GetAPI.View_Investor(GetAPIPrimaryHolding.java:342)
at java.base/jdk.internal.reflect.DirectMethodHandleAccessor.invoke(DirectMethodHandleAccessor.java:104)
at java.base/java.lang.reflect.Method.invoke(Method.java:578)
at org.testng.internal.MethodInvocationHelper.invokeMethod(MethodInvocationHelper.java:124)
at org.testng.internal.Invoker.invokeMethod(Invoker.java:583)
at org.testng.internal.Invoker.invokeTestMethod(Invoker.java:719)
at org.testng.internal.Invoker.invokeTestMethods(Invoker.java:989)
at org.testng.internal.TestMethodWorker.invokeTestMethods(TestMethodWorker.java:125)
at org.testng.internal.TestMethodWorker.run(TestMethodWorker.java:109)
at org.testng.TestRunner.privateRun(TestRunner.java:648)
at org.testng.TestRunner.run(TestRunner.java:505)
at org.testng.SuiteRunner.runTest(SuiteRunner.java:455)
at org.testng.SuiteRunner.runSequentially(SuiteRunner.java:450)
at org.testng.SuiteRunner.privateRun(SuiteRunner.java:415)
at org.testng.SuiteRunner.run(SuiteRunner.java:364)
at org.testng.SuiteRunnerWorker.runSuite(SuiteRunnerWorker.java:52)
at org.testng.SuiteRunnerWorker.run(SuiteRunnerWorker.java:84)
at org.testng.TestNG.runSuitesSequentially(TestNG.java:1208)
at org.testng.TestNG.runSuitesLocally(TestNG.java:1137)
at org.testng.TestNG.runSuites(TestNG.java:1049)
at org.testng.TestNG.run(TestNG.java:1017)
at core.App.main(App.java:22)
]]>
    </failure>
  </testcase> <!-- View_Investor -->
  <testcase classname="core.api.GetAPI" name="Transactions_Authorization" time="0.238"/>
  <testcase classname="core.api.GetAPI" name="Scheme_info" time="0.18"/>
  <testcase classname="core.api.GetAPI" name="Dashboard" time="1.079"/>
  <testcase classname="core.api.GetAPI" name="STP" time="0.202"/>
  <testcase classname="core.api.GetAPI" name="Investor_Mandates" time="0.237"/>
  <testcase classname="core.api.GetAPI" name="Invested_Schemes" time="0.557"/>
  <testcase classname="core.api.GetAPI" name="Folio_Banklist" time="0.202"/>
  <testcase classname="core.api.GetAPI" name="Dashboard_Portfolio" time="0.27"/>
  <testcase classname="core.api.GetAPI" name="Get_Equity_GetNominee" time="0.198"/>
  <testcase classname="core.api.GetAPI" name="SWP" time="0.167"/>
  <testcase classname="core.api.GetAPI" name="Pending_Payments" time="0.209"/>
  <testcase classname="core.api.GetAPI" name="Power_STPs" time="0.169"/>
  <testcase classname="core.api.GetAPI" name="Get_Existing_Nominee_MF" time="0.184"/>
  <testcase classname="core.api.GetAPI" name="Contact_Info" time="0.171"/>
  <testcase classname="core.api.GetAPI" name="New_Nominee_Declaration" time="0.176"/>
  <testcase classname="org.example.apicollection.GetAPIAllsupport" name="Contact_Info" time="0.208"/>
  <testcase classname="org.example.apicollection.GetAPIAllsupport" name="Dashboard" time="0.186"/>
  <testcase classname="org.example.apicollection.GetAPIAllsupport" name="Folio_Banklist" time="0.188"/>
  <testcase classname="org.example.apicollection.GetAPIAllsupport" name="Invested_Schemes" time="0.175"/>
  <testcase classname="org.example.apicollection.GetAPIAllsupport" name="Pending_Payments" time="0.584"/>
  <testcase classname="org.example.apicollection.GetAPIAllsupport" name="Power_STPs" time="0.164"/>
  <testcase classname="org.example.apicollection.GetAPIAllsupport" name="Recent_Transactions" time="0.2"/>
  <testcase classname="org.example.apicollection.GetAPIAllsupport" name="STP" time="0.223"/>
  <testcase classname="org.example.apicollection.GetAPIAllsupport" name="SWP" time="0.209"/>
  <testcase classname="org.example.apicollection.GetAPIAllsupport" name="Scheme_info" time="0.195"/>
  <testcase classname="org.example.apicollection.GetAPIAllsupport" name="Systematic_plan" time="0.279"/>
  <testcase classname="org.example.apicollection.GetAPIAllsupport" name="Transactions_Authorization" time="0.176"/>
  <testcase classname="org.example.apicollection.GetAPIAllsupport" name="Triggers" time="0.223"/>
</testsuite> <!-- Get_API -->
